Build started 17.02.2015 12:47:45.
     1>Project "\\fs\Преподаватели\Сербова Е В\Public\ЕКО-13-П1\Exchange\Потоки и файлы\Потоки и файлы\Потоки и файлы.vcxproj" on node 2 (Build target(s)).
     1>ClCompile:
         C:\Program Files (x86)\Microsoft Visual Studio 12.0\VC\bin\CL.exe /c /ZI /nologo /W3 /WX- /Od /Oy- /D WIN32 /D _DEBUG /D _CONSOLE /D _UNICODE /D UNICODE /Gm /EHsc /RTC1 /MDd /GS /fp:precise /Zc:wchar_t /Zc:forScope /Fo"Debug\\" /Fd"Debug\vc120.pdb" /Gd /TP /analyze- /errorReport:prompt main.cpp
         main.cpp
     1>\\fs\преподаватели\сербова е в\public\еко-13-п1\exchange\потоки и файлы\потоки и файлы\main.cpp(103): warning C4996: 'strcpy': This function or variable may be unsafe. Consider using strcpy_s instead. To disable deprecation, use _CRT_SECURE_NO_WARNINGS. See online help for details.
                 c:\program files (x86)\microsoft visual studio 12.0\vc\include\string.h(112) : see declaration of 'strcpy'
     1>\\fs\преподаватели\сербова е в\public\еко-13-п1\exchange\потоки и файлы\потоки и файлы\main.cpp(104): warning C4996: 'strcpy': This function or variable may be unsafe. Consider using strcpy_s instead. To disable deprecation, use _CRT_SECURE_NO_WARNINGS. See online help for details.
                 c:\program files (x86)\microsoft visual studio 12.0\vc\include\string.h(112) : see declaration of 'strcpy'
     1>\\fs\преподаватели\сербова е в\public\еко-13-п1\exchange\потоки и файлы\потоки и файлы\main.cpp(108): warning C4996: 'strcpy': This function or variable may be unsafe. Consider using strcpy_s instead. To disable deprecation, use _CRT_SECURE_NO_WARNINGS. See online help for details.
                 c:\program files (x86)\microsoft visual studio 12.0\vc\include\string.h(112) : see declaration of 'strcpy'
     1>\\fs\преподаватели\сербова е в\public\еко-13-п1\exchange\потоки и файлы\потоки и файлы\main.cpp(109): warning C4996: 'strcpy': This function or variable may be unsafe. Consider using strcpy_s instead. To disable deprecation, use _CRT_SECURE_NO_WARNINGS. See online help for details.
                 c:\program files (x86)\microsoft visual studio 12.0\vc\include\string.h(112) : see declaration of 'strcpy'
     1>\\fs\преподаватели\сербова е в\public\еко-13-п1\exchange\потоки и файлы\потоки и файлы\main.cpp(113): warning C4996: 'strcpy': This function or variable may be unsafe. Consider using strcpy_s instead. To disable deprecation, use _CRT_SECURE_NO_WARNINGS. See online help for details.
                 c:\program files (x86)\microsoft visual studio 12.0\vc\include\string.h(112) : see declaration of 'strcpy'
     1>\\fs\преподаватели\сербова е в\public\еко-13-п1\exchange\потоки и файлы\потоки и файлы\main.cpp(114): warning C4996: 'strcpy': This function or variable may be unsafe. Consider using strcpy_s instead. To disable deprecation, use _CRT_SECURE_NO_WARNINGS. See online help for details.
                 c:\program files (x86)\microsoft visual studio 12.0\vc\include\string.h(112) : see declaration of 'strcpy'
     1>\\fs\преподаватели\сербова е в\public\еко-13-п1\exchange\потоки и файлы\потоки и файлы\main.cpp(118): warning C4996: 'strncpy': This function or variable may be unsafe. Consider using strncpy_s instead. To disable deprecation, use _CRT_SECURE_NO_WARNINGS. See online help for details.
                 c:\program files (x86)\microsoft visual studio 12.0\vc\include\string.h(195) : see declaration of 'strncpy'
     1>\\fs\преподаватели\сербова е в\public\еко-13-п1\exchange\потоки и файлы\потоки и файлы\main.cpp(119): warning C4996: 'strcpy': This function or variable may be unsafe. Consider using strcpy_s instead. To disable deprecation, use _CRT_SECURE_NO_WARNINGS. See online help for details.
                 c:\program files (x86)\microsoft visual studio 12.0\vc\include\string.h(112) : see declaration of 'strcpy'
     1>\\fs\преподаватели\сербова е в\public\еко-13-п1\exchange\потоки и файлы\потоки и файлы\main.cpp(123): warning C4996: 'strcpy': This function or variable may be unsafe. Consider using strcpy_s instead. To disable deprecation, use _CRT_SECURE_NO_WARNINGS. See online help for details.
                 c:\program files (x86)\microsoft visual studio 12.0\vc\include\string.h(112) : see declaration of 'strcpy'
     1>\\fs\преподаватели\сербова е в\public\еко-13-п1\exchange\потоки и файлы\потоки и файлы\main.cpp(124): warning C4996: 'strcpy': This function or variable may be unsafe. Consider using strcpy_s instead. To disable deprecation, use _CRT_SECURE_NO_WARNINGS. See online help for details.
                 c:\program files (x86)\microsoft visual studio 12.0\vc\include\string.h(112) : see declaration of 'strcpy'
     1>\\fs\преподаватели\сербова е в\public\еко-13-п1\exchange\потоки и файлы\потоки и файлы\main.cpp(128): warning C4996: 'strcpy': This function or variable may be unsafe. Consider using strcpy_s instead. To disable deprecation, use _CRT_SECURE_NO_WARNINGS. See online help for details.
                 c:\program files (x86)\microsoft visual studio 12.0\vc\include\string.h(112) : see declaration of 'strcpy'
     1>\\fs\преподаватели\сербова е в\public\еко-13-п1\exchange\потоки и файлы\потоки и файлы\main.cpp(129): warning C4996: 'strcpy': This function or variable may be unsafe. Consider using strcpy_s instead. To disable deprecation, use _CRT_SECURE_NO_WARNINGS. See online help for details.
                 c:\program files (x86)\microsoft visual studio 12.0\vc\include\string.h(112) : see declaration of 'strcpy'
     1>\\fs\преподаватели\сербова е в\public\еко-13-п1\exchange\потоки и файлы\потоки и файлы\main.cpp(149): warning C4996: 'strcpy': This function or variable may be unsafe. Consider using strcpy_s instead. To disable deprecation, use _CRT_SECURE_NO_WARNINGS. See online help for details.
                 c:\program files (x86)\microsoft visual studio 12.0\vc\include\string.h(112) : see declaration of 'strcpy'
     1>\\fs\преподаватели\сербова е в\public\еко-13-п1\exchange\потоки и файлы\потоки и файлы\main.cpp(150): warning C4996: 'strcpy': This function or variable may be unsafe. Consider using strcpy_s instead. To disable deprecation, use _CRT_SECURE_NO_WARNINGS. See online help for details.
                 c:\program files (x86)\microsoft visual studio 12.0\vc\include\string.h(112) : see declaration of 'strcpy'
     1>\\fs\преподаватели\сербова е в\public\еко-13-п1\exchange\потоки и файлы\потоки и файлы\main.cpp(154): warning C4996: 'strcpy': This function or variable may be unsafe. Consider using strcpy_s instead. To disable deprecation, use _CRT_SECURE_NO_WARNINGS. See online help for details.
                 c:\program files (x86)\microsoft visual studio 12.0\vc\include\string.h(112) : see declaration of 'strcpy'
     1>\\fs\преподаватели\сербова е в\public\еко-13-п1\exchange\потоки и файлы\потоки и файлы\main.cpp(155): warning C4996: 'strcpy': This function or variable may be unsafe. Consider using strcpy_s instead. To disable deprecation, use _CRT_SECURE_NO_WARNINGS. See online help for details.
                 c:\program files (x86)\microsoft visual studio 12.0\vc\include\string.h(112) : see declaration of 'strcpy'
     1>\\fs\преподаватели\сербова е в\public\еко-13-п1\exchange\потоки и файлы\потоки и файлы\main.cpp(159): warning C4996: 'strcpy': This function or variable may be unsafe. Consider using strcpy_s instead. To disable deprecation, use _CRT_SECURE_NO_WARNINGS. See online help for details.
                 c:\program files (x86)\microsoft visual studio 12.0\vc\include\string.h(112) : see declaration of 'strcpy'
     1>\\fs\преподаватели\сербова е в\public\еко-13-п1\exchange\потоки и файлы\потоки и файлы\main.cpp(160): warning C4996: 'strcpy': This function or variable may be unsafe. Consider using strcpy_s instead. To disable deprecation, use _CRT_SECURE_NO_WARNINGS. See online help for details.
                 c:\program files (x86)\microsoft visual studio 12.0\vc\include\string.h(112) : see declaration of 'strcpy'
     1>\\fs\преподаватели\сербова е в\public\еко-13-п1\exchange\потоки и файлы\потоки и файлы\main.cpp(164): warning C4996: 'strncpy': This function or variable may be unsafe. Consider using strncpy_s instead. To disable deprecation, use _CRT_SECURE_NO_WARNINGS. See online help for details.
                 c:\program files (x86)\microsoft visual studio 12.0\vc\include\string.h(195) : see declaration of 'strncpy'
     1>\\fs\преподаватели\сербова е в\public\еко-13-п1\exchange\потоки и файлы\потоки и файлы\main.cpp(165): warning C4996: 'strcpy': This function or variable may be unsafe. Consider using strcpy_s instead. To disable deprecation, use _CRT_SECURE_NO_WARNINGS. See online help for details.
                 c:\program files (x86)\microsoft visual studio 12.0\vc\include\string.h(112) : see declaration of 'strcpy'
     1>\\fs\преподаватели\сербова е в\public\еко-13-п1\exchange\потоки и файлы\потоки и файлы\main.cpp(169): warning C4996: 'strcpy': This function or variable may be unsafe. Consider using strcpy_s instead. To disable deprecation, use _CRT_SECURE_NO_WARNINGS. See online help for details.
                 c:\program files (x86)\microsoft visual studio 12.0\vc\include\string.h(112) : see declaration of 'strcpy'
     1>\\fs\преподаватели\сербова е в\public\еко-13-п1\exchange\потоки и файлы\потоки и файлы\main.cpp(170): warning C4996: 'strcpy': This function or variable may be unsafe. Consider using strcpy_s instead. To disable deprecation, use _CRT_SECURE_NO_WARNINGS. See online help for details.
                 c:\program files (x86)\microsoft visual studio 12.0\vc\include\string.h(112) : see declaration of 'strcpy'
     1>\\fs\преподаватели\сербова е в\public\еко-13-п1\exchange\потоки и файлы\потоки и файлы\main.cpp(174): warning C4996: 'strcpy': This function or variable may be unsafe. Consider using strcpy_s instead. To disable deprecation, use _CRT_SECURE_NO_WARNINGS. See online help for details.
                 c:\program files (x86)\microsoft visual studio 12.0\vc\include\string.h(112) : see declaration of 'strcpy'
     1>\\fs\преподаватели\сербова е в\public\еко-13-п1\exchange\потоки и файлы\потоки и файлы\main.cpp(175): warning C4996: 'strcpy': This function or variable may be unsafe. Consider using strcpy_s instead. To disable deprecation, use _CRT_SECURE_NO_WARNINGS. See online help for details.
                 c:\program files (x86)\microsoft visual studio 12.0\vc\include\string.h(112) : see declaration of 'strcpy'
     1>\\fs\преподаватели\сербова е в\public\еко-13-п1\exchange\потоки и файлы\потоки и файлы\main.cpp(193): warning C4996: 'strcpy': This function or variable may be unsafe. Consider using strcpy_s instead. To disable deprecation, use _CRT_SECURE_NO_WARNINGS. See online help for details.
                 c:\program files (x86)\microsoft visual studio 12.0\vc\include\string.h(112) : see declaration of 'strcpy'
     1>\\fs\преподаватели\сербова е в\public\еко-13-п1\exchange\потоки и файлы\потоки и файлы\main.cpp(194): warning C4996: 'strcpy': This function or variable may be unsafe. Consider using strcpy_s instead. To disable deprecation, use _CRT_SECURE_NO_WARNINGS. See online help for details.
                 c:\program files (x86)\microsoft visual studio 12.0\vc\include\string.h(112) : see declaration of 'strcpy'
     1>\\fs\преподаватели\сербова е в\public\еко-13-п1\exchange\потоки и файлы\потоки и файлы\main.cpp(195): warning C4996: 'strcpy': This function or variable may be unsafe. Consider using strcpy_s instead. To disable deprecation, use _CRT_SECURE_NO_WARNINGS. See online help for details.
                 c:\program files (x86)\microsoft visual studio 12.0\vc\include\string.h(112) : see declaration of 'strcpy'
     1>\\fs\преподаватели\сербова е в\public\еко-13-п1\exchange\потоки и файлы\потоки и файлы\main.cpp(196): warning C4996: 'strcpy': This function or variable may be unsafe. Consider using strcpy_s instead. To disable deprecation, use _CRT_SECURE_NO_WARNINGS. See online help for details.
                 c:\program files (x86)\microsoft visual studio 12.0\vc\include\string.h(112) : see declaration of 'strcpy'
     1>\\fs\преподаватели\сербова е в\public\еко-13-п1\exchange\потоки и файлы\потоки и файлы\main.cpp(197): warning C4996: 'strcpy': This function or variable may be unsafe. Consider using strcpy_s instead. To disable deprecation, use _CRT_SECURE_NO_WARNINGS. See online help for details.
                 c:\program files (x86)\microsoft visual studio 12.0\vc\include\string.h(112) : see declaration of 'strcpy'
     1>\\fs\преподаватели\сербова е в\public\еко-13-п1\exchange\потоки и файлы\потоки и файлы\main.cpp(198): warning C4996: 'strcpy': This function or variable may be unsafe. Consider using strcpy_s instead. To disable deprecation, use _CRT_SECURE_NO_WARNINGS. See online help for details.
                 c:\program files (x86)\microsoft visual studio 12.0\vc\include\string.h(112) : see declaration of 'strcpy'
     1>\\fs\преподаватели\сербова е в\public\еко-13-п1\exchange\потоки и файлы\потоки и файлы\main.cpp(239): warning C4018: '<' : signed/unsigned mismatch
       Link:
         C:\Program Files (x86)\Microsoft Visual Studio 12.0\VC\bin\link.exe /ERRORREPORT:PROMPT /OUT:"\\fs\Преподаватели\Сербова Е В\Public\ЕКО-13-П1\Exchange\Потоки и файлы\Debug\Потоки и файлы.exe" /INCREMENTAL /NOLOGO kernel32.lib user32.lib gdi32.lib winspool.lib comdlg32.lib advapi32.lib shell32.lib ole32.lib oleaut32.lib uuid.lib odbc32.lib odbccp32.lib /MANIFEST /MANIFESTUAC:"level='asInvoker' uiAccess='false'" /manifest:embed /DEBUG /PDB:"\\fs\Преподаватели\Сербова Е В\Public\ЕКО-13-П1\Exchange\Потоки и файлы\Debug\Потоки и файлы.pdb" /SUBSYSTEM:CONSOLE /TLBID:1 /DYNAMICBASE /NXCOMPAT /IMPLIB:"\\fs\Преподаватели\Сербова Е В\Public\ЕКО-13-П1\Exchange\Потоки и файлы\Debug\Потоки и файлы.lib" /MACHINE:X86 Debug\main.obj
         Потоки и файлы.vcxproj -> \\fs\Преподаватели\Сербова Е В\Public\ЕКО-13-П1\Exchange\Потоки и файлы\Debug\Потоки и файлы.exe
     1>Done Building Project "\\fs\Преподаватели\Сербова Е В\Public\ЕКО-13-П1\Exchange\Потоки и файлы\Потоки и файлы\Потоки и файлы.vcxproj" (Build target(s)).

Build succeeded.

Time Elapsed 00:00:06.22
